Warning: ground plane node nbin coincident with another node
Warning: ground plane node nbout coincident with another node
Running FastHenry 3.0wr (29Sep96, mod 031424)
Using SPARSE linear algebra package by Ken Kundert, UC Berkeley.
  Date: Sun Mar  9 03:20:40 2025
  Host: 5dd13cbd4f2c
Solution technique: ITERATIVE
Matrix vector product method: MULTIPOLE
  Order of expansion: 2
Preconditioner: ON
Error tolerance: 0.001
Reading from file: ./input/broken.inp
Title:
*Broken plane with two traces above it

all lengths multiplied by 2.54e-05 to convert to meters
Total number of filaments before multipole refine: 444
Total number of filaments after multipole refine: 450

Multipole Summary
  Expansion order: 2
  Number of partitioning levels: 3
  Total number of filaments: 450
Percentage of multiplies done by multipole: 100%
Scanning graph to find fundamental circuits...
Number of Groundplanes : 2 
Number of filaments:        450
Number of segments:         450
Number of nodes:            256
Number of meshes:           203
          ----from tree:                   3 
          ----from planes: (before holes)  200 
Number of conductors:         2   (rows of matrix in Zc.mat) 
Number of columns:            2   (columns of matrix in Zc.mat) 
Number of real nodes:       250
filling M...
filling R and L...
Total Memory allocated: 1654 kilobytes
Frequency = 0.1
Forming sparse matrix preconditioner.
Block A runtime=0.000112, block B runtime=0.000382

Precond build time 0.000617, matsize 0, nonzero 0 recalls 0
 9.9 19.7 29.6 39.4 49.3 59.1 69.0 78.8 88.7 98.5
Reorder and factor time 0.002703
conductor 0 from node nb1
Calling gmres...
1 2 
conductor 1 from node na1
Calling gmres...
1 2 
Frequency = 1e+19
Forming sparse matrix preconditioner.
Block A runtime=0.000126, block B runtime=0.000174

Precond build time 0.000394, matsize 0, nonzero 0 recalls 0
conductor 0 from node nb1
Calling gmres...
1 2 3 4 5 6 7 8 9 10 11 12 13 
conductor 1 from node na1
Calling gmres...
1 2 3 4 5 6 7 8 9 10 11 

All impedance matrices dumped to file Zc.mat

Times:  Read geometry   0.00063
        Multipole setup 0.007243
        Scanning graph  1.4e-05
        Form A M and Z  8e-05
        form M'ZM       1.7e-05
        Form precond    0.003912
        GMRES time      0.00778
   Total:               0.019676
