Running FastHenry 3.0wr (29Sep96, mod 031424)
Using SPARSE linear algebra package by Ken Kundert, UC Berkeley.
  Date: Sun Mar  9 03:21:04 2025
  Host: 5dd13cbd4f2c
Solution technique: ITERATIVE
Matrix vector product method: MULTIPOLE
  Order of expansion: 2
Preconditioner: ON
Error tolerance: 0.001
Reading from file: ./input/holey_gp.inp
Title:
* A FastHenry example using a reference plane

all lengths multiplied by 2.54e-05 to convert to meters
Total number of filaments before multipole refine: 2828
Total number of filaments after multipole refine: 3260

Multipole Summary
  Expansion order: 2
  Number of partitioning levels: 5
  Total number of filaments: 3260
Percentage of multiplies done by multipole: 100%
Scanning graph to find fundamental circuits...
Number of Groundplanes : 1 
Number of filaments:       3260
Number of segments:        2868
Number of nodes:           2761
Number of meshes:          3001
          ----from tree:                   8 
          ----from planes: (before holes)  2601 
Number of conductors:         1   (rows of matrix in Zc.mat) 
Number of columns:            1   (columns of matrix in Zc.mat) 
Number of real nodes:      2760
filling M...
Exact number of meshes after ground plane holes removed: 1646
filling R and L...
Total Memory allocated: 14017 kilobytes
Frequency = 0.1
Forming sparse matrix preconditioner.
 10.0 20.0 30.0 40.0 50.0 60.0 70.0 80.0 90.0 100.0
Block A runtime=0.000562, block B runtime=0.002081

Precond build time 0.004294, matsize 0, nonzero 1063322975 recalls 586815224
 10.0 19.9 29.9 39.9 49.8 59.8 69.7 79.7 89.7 99.6
Reorder and factor time 0.031674
conductor 0 from node n1
Calling gmres...
1 2 
Frequency = 1e+19
Forming sparse matrix preconditioner.
 10.0 20.0 30.0 40.0 50.0 60.0 70.0 80.0 90.0 100.0
Block A runtime=0.000554, block B runtime=0.001163

Precond build time 0.003347, matsize 0, nonzero 0 recalls 0
conductor 0 from node n1
Calling gmres...
1 2 3 4 5 6 7 8 9 10 11 12 13 14 15 16 17 

All impedance matrices dumped to file Zc.mat

Times:  Read geometry   0.002032
        Multipole setup 0.083091
        Scanning graph  0.000358
        Form A M and Z  0.000534
        form M'ZM       0.000122
        Form precond    0.040926
        GMRES time      0.117431
   Total:               0.244494
