Running FastHenry 3.0wr (29Sep96, mod 031424)
Using SPARSE linear algebra package by Ken Kundert, UC Berkeley.
  Date: Sun Mar  9 03:21:04 2025
  Host: 5dd13cbd4f2c
Solution technique: ITERATIVE
Matrix vector product method: MULTIPOLE
  Order of expansion: 2
Preconditioner: ON
Error tolerance: 0.001
Reading from file: ./input/msm.inp
Title:
* MSM inductance extraction

all lengths multiplied by 1e-06 to convert to meters
Total number of filaments before multipole refine: 1092
Total number of filaments after multipole refine: 1092

Multipole Summary
  Expansion order: 2
  Number of partitioning levels: 3
  Total number of filaments: 1092
Percentage of multiplies done by multipole: 100%
Scanning graph to find fundamental circuits...
Number of Groundplanes : 0 
Number of filaments:       1092
Number of segments:         273
Number of nodes:            275
Number of meshes:           843
          ----from tree:                   24 
          ----from planes: (before holes)  0 
Number of conductors:         1   (rows of matrix in Zc.mat) 
Number of columns:            1   (columns of matrix in Zc.mat) 
Number of real nodes:       251
filling M...
filling R and L...
Total Memory allocated: 5049 kilobytes
Frequency = 100
Forming sparse matrix preconditioner.
Block A runtime=0.000684, block B runtime=0.003685

Precond build time 0.004652, matsize 0, nonzero 22039 recalls 0
 10.0 19.9 29.9 39.9 49.8 59.8 69.8 79.7 89.7 99.6
Reorder and factor time 0.026142
conductor 0 from node n122
Calling gmres...
1 2 
Frequency = 100000
Forming sparse matrix preconditioner.
Block A runtime=0.000768, block B runtime=0.002146

Precond build time 0.003193, matsize 0, nonzero 22039 recalls 0
conductor 0 from node n122
Calling gmres...
1 2 
Frequency = 1e+08
Forming sparse matrix preconditioner.
Block A runtime=0.000677, block B runtime=0.001638

Precond build time 0.002506, matsize 1, nonzero 22039 recalls 0
conductor 0 from node n122
Calling gmres...
1 2 3 
Frequency = 1e+11
Forming sparse matrix preconditioner.
Block A runtime=0.000677, block B runtime=0.001631

Precond build time 0.002472, matsize 1, nonzero 22039 recalls 0
conductor 0 from node n122
Calling gmres...
1 2 3 4 5 6 

All impedance matrices dumped to file Zc.mat

Times:  Read geometry   0.000862
        Multipole setup 0.038827
        Scanning graph  6.6e-05
        Form A M and Z  0.00016
        form M'ZM       4.3e-05
        Form precond    0.04281
        GMRES time      0.017957
   Total:               0.100725
