Running FastHenry 3.0wr (29Sep96, mod 031424)
Using SPARSE linear algebra package by Ken Kundert, UC Berkeley.
  Date: Sun Mar  9 03:22:04 2025
  Host: 5dd13cbd4f2c
Solution technique: ITERATIVE
Matrix vector product method: MULTIPOLE
  Order of expansion: 2
Preconditioner: ON
Error tolerance: 0.001
Reading from file: ./input/onebargp.inp
Title:
* Ground plane with a bar over it.  The return path for the bar is through the

all lengths multiplied by 1 to convert to meters
Total number of filaments before multipole refine: 620
Total number of filaments after multipole refine: 632

Multipole Summary
  Expansion order: 2
  Number of partitioning levels: 3
  Total number of filaments: 632
Percentage of multiplies done by multipole: 100%
Scanning graph to find fundamental circuits...
Number of Groundplanes : 1 
Number of filaments:        632
Number of segments:         617
Number of nodes:            330
Number of meshes:           306
          ----from tree:                   2 
          ----from planes: (before holes)  289 
Number of conductors:         2   (rows of matrix in Zc.mat) 
Number of columns:            2   (columns of matrix in Zc.mat) 
Number of real nodes:       329
filling M...
filling R and L...
Total Memory allocated: 2577 kilobytes
Frequency = 100
Forming sparse matrix preconditioner.
Block A runtime=0.000128, block B runtime=0.000492

Precond build time 0.00077, matsize 0, nonzero 0 recalls 0
 9.8 19.6 29.4 39.2 49.0 58.8 68.6 78.4 88.2 98.0
Reorder and factor time 0.007993
conductor 0 from node ng19_2
Calling gmres...
1 2 3 4 5 
conductor 1 from node nb1
Calling gmres...
1 2 3 4 5 
Frequency = 1e+10
Forming sparse matrix preconditioner.
Block A runtime=0.00012, block B runtime=0.000251

Precond build time 0.00055, matsize 0, nonzero 0 recalls 0
conductor 0 from node ng19_2
Calling gmres...
1 2 3 4 5 6 7 8 9 10 11 12 13 14 15 16 
conductor 1 from node nb1
Calling gmres...
1 2 3 4 5 6 7 8 9 10 11 12 13 14 15 16 

All impedance matrices dumped to file Zc.mat

Times:  Read geometry   0.000665
        Multipole setup 0.018817
        Scanning graph  1.3e-05
        Form A M and Z  0.000113
        form M'ZM       3.5e-05
        Form precond    0.009895
        GMRES time      0.024806
   Total:               0.054344
