Running FastHenry 3.0wr (29Sep96, mod 031424)
Using SPARSE linear algebra package by Ken Kundert, UC Berkeley.
  Date: Sun Mar  9 03:22:04 2025
  Host: 5dd13cbd4f2c
Solution technique: ITERATIVE
Matrix vector product method: MULTIPOLE
  Order of expansion: 2
Preconditioner: ON
Error tolerance: 0.001
Reading from file: ./input/pin-con2seg.inp
Title:
***Two segments from:  PACKAGE INDUCTANCE - 35 of 68 pins***

all lengths multiplied by 2.54e-05 to convert to meters
Total number of filaments before multipole refine: 30
Total number of filaments after multipole refine: 240

Multipole Summary
  Expansion order: 2
  Number of partitioning levels: 3
  Total number of filaments: 240
No expansions at level 3 (lowest)
Percentage of multiplies done by multipole: 100%
Scanning graph to find fundamental circuits...
Number of Groundplanes : 0 
Number of filaments:        240
Number of segments:          16
Number of nodes:             18
Number of meshes:           226
          ----from tree:                   2 
          ----from planes: (before holes)  0 
Number of conductors:         2   (rows of matrix in Zc.mat) 
Number of columns:            2   (columns of matrix in Zc.mat) 
Number of real nodes:        18
filling M...
filling R and L...
Total Memory allocated: 617 kilobytes
Frequency = 10
Forming sparse matrix preconditioner.
Block A runtime=5e-05, block B runtime=0.000231

Precond build time 0.000359, matsize 0, nonzero 0 recalls 0
 9.7 19.5 29.2 38.9 48.7 58.4 68.1 77.9 87.6 97.3
Reorder and factor time 0.000819
conductor 0 from node n17b
Calling gmres...
1 2 3 
conductor 1 from node n16b
Calling gmres...
1 2 3 
Frequency = 21.5443
Forming sparse matrix preconditioner.
Block A runtime=4.9e-05, block B runtime=9.5e-05

Precond build time 0.000213, matsize 0, nonzero 0 recalls 0
conductor 0 from node n17b
Calling gmres...
1 2 3 
conductor 1 from node n16b
Calling gmres...
1 2 3 
Frequency = 46.4159
Forming sparse matrix preconditioner.
Block A runtime=5e-05, block B runtime=8.6e-05

Precond build time 0.000184, matsize 1, nonzero 0 recalls 0
conductor 0 from node n17b
Calling gmres...
1 2 3 
conductor 1 from node n16b
Calling gmres...
1 2 3 
Frequency = 100
Forming sparse matrix preconditioner.
Block A runtime=5.3e-05, block B runtime=9.2e-05

Precond build time 0.000203, matsize 1, nonzero 0 recalls 0
conductor 0 from node n17b
Calling gmres...
1 2 3 
conductor 1 from node n16b
Calling gmres...
1 2 3 
Frequency = 215.443
Forming sparse matrix preconditioner.
Block A runtime=5e-05, block B runtime=9.6e-05

Precond build time 0.000225, matsize 1, nonzero 0 recalls 0
conductor 0 from node n17b
Calling gmres...
1 2 3 
conductor 1 from node n16b
Calling gmres...
1 2 3 
Frequency = 464.159
Forming sparse matrix preconditioner.
Block A runtime=5.2e-05, block B runtime=8.8e-05

Precond build time 0.000188, matsize 1, nonzero 0 recalls 0
conductor 0 from node n17b
Calling gmres...
1 2 3 
conductor 1 from node n16b
Calling gmres...
1 2 3 
Frequency = 1000
Forming sparse matrix preconditioner.
Block A runtime=5.4e-05, block B runtime=8.2e-05

Precond build time 0.000173, matsize 1, nonzero 0 recalls 0
conductor 0 from node n17b
Calling gmres...
1 2 3 
conductor 1 from node n16b
Calling gmres...
1 2 3 
Frequency = 2154.43
Forming sparse matrix preconditioner.
Block A runtime=5e-05, block B runtime=8.1e-05

Precond build time 0.000188, matsize 1, nonzero 0 recalls 0
conductor 0 from node n17b
Calling gmres...
1 2 3 
conductor 1 from node n16b
Calling gmres...
1 2 3 
Frequency = 4641.59
Forming sparse matrix preconditioner.
Block A runtime=4.6e-05, block B runtime=7.5e-05

Precond build time 0.000166, matsize 1, nonzero 0 recalls 0
conductor 0 from node n17b
Calling gmres...
1 2 3 
conductor 1 from node n16b
Calling gmres...
1 2 3 
Frequency = 10000
Forming sparse matrix preconditioner.
Block A runtime=5.4e-05, block B runtime=9e-05

Precond build time 0.000192, matsize 1, nonzero 0 recalls 0
conductor 0 from node n17b
Calling gmres...
1 2 3 
conductor 1 from node n16b
Calling gmres...
1 2 3 
Frequency = 21544.3
Forming sparse matrix preconditioner.
Block A runtime=5e-05, block B runtime=8.9e-05

Precond build time 0.00019, matsize 1, nonzero 0 recalls 0
conductor 0 from node n17b
Calling gmres...
1 2 3 
conductor 1 from node n16b
Calling gmres...
1 2 3 
Frequency = 46415.9
Forming sparse matrix preconditioner.
Block A runtime=5.2e-05, block B runtime=9.3e-05

Precond build time 0.000193, matsize 1, nonzero 0 recalls 0
conductor 0 from node n17b
Calling gmres...
1 2 3 4 
conductor 1 from node n16b
Calling gmres...
1 2 3 4 
Frequency = 100000
Forming sparse matrix preconditioner.
Block A runtime=5e-05, block B runtime=0.000119

Precond build time 0.000222, matsize 1, nonzero 0 recalls 0
conductor 0 from node n17b
Calling gmres...
1 2 3 4 
conductor 1 from node n16b
Calling gmres...
1 2 3 4 
Frequency = 215443
Forming sparse matrix preconditioner.
Block A runtime=7.8e-05, block B runtime=0.000136

Precond build time 0.00029, matsize 1, nonzero 0 recalls 0
conductor 0 from node n17b
Calling gmres...
1 2 3 4 5 
conductor 1 from node n16b
Calling gmres...
1 2 3 4 
Frequency = 464159
Forming sparse matrix preconditioner.
Block A runtime=0.000111, block B runtime=0.000102

Precond build time 0.000266, matsize 1, nonzero 0 recalls 0
conductor 0 from node n17b
Calling gmres...
1 2 3 4 5 
conductor 1 from node n16b
Calling gmres...
1 2 3 4 5 
Frequency = 1e+06
Forming sparse matrix preconditioner.
Block A runtime=6.5e-05, block B runtime=0.00018

Precond build time 0.000312, matsize 1, nonzero 0 recalls 0
conductor 0 from node n17b
Calling gmres...
1 2 3 4 5 6 
conductor 1 from node n16b
Calling gmres...
1 2 3 4 5 
Frequency = 2.15443e+06
Forming sparse matrix preconditioner.
Block A runtime=5.1e-05, block B runtime=9.2e-05

Precond build time 0.000191, matsize 1, nonzero 0 recalls 0
conductor 0 from node n17b
Calling gmres...
1 2 3 4 5 6 
conductor 1 from node n16b
Calling gmres...
1 2 3 4 5 6 
Frequency = 4.64159e+06
Forming sparse matrix preconditioner.
Block A runtime=4.8e-05, block B runtime=8.4e-05

Precond build time 0.000192, matsize 1, nonzero 0 recalls 0
conductor 0 from node n17b
Calling gmres...
1 2 3 4 5 6 7 8 
conductor 1 from node n16b
Calling gmres...
1 2 3 4 5 6 7 8 
Frequency = 1e+07
Forming sparse matrix preconditioner.
Block A runtime=5.8e-05, block B runtime=0.000117

Precond build time 0.000265, matsize 1, nonzero 0 recalls 0
conductor 0 from node n17b
Calling gmres...
1 2 3 4 5 6 7 8 9 10 
conductor 1 from node n16b
Calling gmres...
1 2 3 4 5 6 7 8 9 
Frequency = 2.15443e+07
Forming sparse matrix preconditioner.
Block A runtime=5.3e-05, block B runtime=9.5e-05

Precond build time 0.0002, matsize 1, nonzero 0 recalls 0
conductor 0 from node n17b
Calling gmres...
1 2 3 4 5 6 7 8 9 10 11 
conductor 1 from node n16b
Calling gmres...
1 2 3 4 5 6 7 8 9 10 
Frequency = 4.64159e+07
Forming sparse matrix preconditioner.
Block A runtime=5.1e-05, block B runtime=0.0001

Precond build time 0.000207, matsize 1, nonzero 0 recalls 0
conductor 0 from node n17b
Calling gmres...
1 2 3 4 5 6 7 8 9 10 11 12 13 
conductor 1 from node n16b
Calling gmres...
1 2 3 4 5 6 7 8 9 10 11 12 13 
Frequency = 1e+08
Forming sparse matrix preconditioner.
Block A runtime=4.9e-05, block B runtime=9.1e-05

Precond build time 0.000197, matsize 1, nonzero 0 recalls 0
conductor 0 from node n17b
Calling gmres...
1 2 3 4 5 6 7 8 9 10 11 12 13 14 
conductor 1 from node n16b
Calling gmres...
1 2 3 4 5 6 7 8 9 10 11 12 13 14 15 
Frequency = 2.15443e+08
Forming sparse matrix preconditioner.
Block A runtime=5.3e-05, block B runtime=9.7e-05

Precond build time 0.000196, matsize 1, nonzero 0 recalls 0
conductor 0 from node n17b
Calling gmres...
1 2 3 4 5 6 7 8 9 10 11 12 13 14 15 16 
conductor 1 from node n16b
Calling gmres...
1 2 3 4 5 6 7 8 9 10 11 12 13 14 15 16 
Frequency = 4.64159e+08
Forming sparse matrix preconditioner.
Block A runtime=5.2e-05, block B runtime=9.7e-05

Precond build time 0.000201, matsize 1, nonzero 0 recalls 0
conductor 0 from node n17b
Calling gmres...
1 2 3 4 5 6 7 8 9 10 11 12 13 14 15 16 
conductor 1 from node n16b
Calling gmres...
1 2 3 4 5 6 7 8 9 10 11 12 13 14 15 16 
Frequency = 1e+09
Forming sparse matrix preconditioner.
Block A runtime=5.2e-05, block B runtime=9.8e-05

Precond build time 0.000203, matsize 1, nonzero 0 recalls 0
conductor 0 from node n17b
Calling gmres...
1 2 3 4 5 6 7 8 9 10 11 12 13 14 15 16 
conductor 1 from node n16b
Calling gmres...
1 2 3 4 5 6 7 8 9 10 11 12 13 14 15 16 
Frequency = 2.15443e+09
Forming sparse matrix preconditioner.
Block A runtime=5.3e-05, block B runtime=9.4e-05

Precond build time 0.000205, matsize 1, nonzero 0 recalls 0
conductor 0 from node n17b
Calling gmres...
1 2 3 4 5 6 7 8 9 10 11 12 13 14 15 16 17 
conductor 1 from node n16b
Calling gmres...
1 2 3 4 5 6 7 8 9 10 11 12 13 14 15 16 
Frequency = 4.64159e+09
Forming sparse matrix preconditioner.
Block A runtime=5.5e-05, block B runtime=9.3e-05

Precond build time 0.000199, matsize 1, nonzero 0 recalls 0
conductor 0 from node n17b
Calling gmres...
1 2 3 4 5 6 7 8 9 10 11 12 13 14 15 16 17 
conductor 1 from node n16b
Calling gmres...
1 2 3 4 5 6 7 8 9 10 11 12 13 14 15 16 
Frequency = 1e+10
Forming sparse matrix preconditioner.
Block A runtime=5.1e-05, block B runtime=9.3e-05

Precond build time 0.000201, matsize 1, nonzero 0 recalls 0
conductor 0 from node n17b
Calling gmres...
1 2 3 4 5 6 7 8 9 10 11 12 13 14 15 16 17 
conductor 1 from node n16b
Calling gmres...
1 2 3 4 5 6 7 8 9 10 11 12 13 14 15 16 
Frequency = 2.15443e+10
Forming sparse matrix preconditioner.
Block A runtime=4.9e-05, block B runtime=9.5e-05

Precond build time 0.000203, matsize 1, nonzero 0 recalls 0
conductor 0 from node n17b
Calling gmres...
1 2 3 4 5 6 7 8 9 10 11 12 13 14 15 16 17 
conductor 1 from node n16b
Calling gmres...
1 2 3 4 5 6 7 8 9 10 11 12 13 14 15 16 
Frequency = 4.64159e+10
Forming sparse matrix preconditioner.
Block A runtime=5.4e-05, block B runtime=9.8e-05

Precond build time 0.000202, matsize 1, nonzero 0 recalls 0
conductor 0 from node n17b
Calling gmres...
1 2 3 4 5 6 7 8 9 10 11 12 13 14 15 16 17 
conductor 1 from node n16b
Calling gmres...
1 2 3 4 5 6 7 8 9 10 11 12 13 14 15 16 
Frequency = 1e+11
Forming sparse matrix preconditioner.
Block A runtime=5.3e-05, block B runtime=9.7e-05

Precond build time 0.000198, matsize 1, nonzero 0 recalls 0
conductor 0 from node n17b
Calling gmres...
1 2 3 4 5 6 7 8 9 10 11 12 13 14 15 16 17 
conductor 1 from node n16b
Calling gmres...
1 2 3 4 5 6 7 8 9 10 11 12 13 14 15 16 
Frequency = 2.15443e+11
Forming sparse matrix preconditioner.
Block A runtime=5e-05, block B runtime=9.5e-05

Precond build time 0.0002, matsize 1, nonzero 0 recalls 0
conductor 0 from node n17b
Calling gmres...
1 2 3 4 5 6 7 8 9 10 11 12 13 14 15 16 17 
conductor 1 from node n16b
Calling gmres...
1 2 3 4 5 6 7 8 9 10 11 12 13 14 15 16 
Frequency = 4.64159e+11
Forming sparse matrix preconditioner.
Block A runtime=4.5e-05, block B runtime=9.8e-05

Precond build time 0.00021, matsize 1, nonzero 0 recalls 0
conductor 0 from node n17b
Calling gmres...
1 2 3 4 5 6 7 8 9 10 11 12 13 14 15 16 17 
conductor 1 from node n16b
Calling gmres...
1 2 3 4 5 6 7 8 9 10 11 12 13 14 15 16 
Frequency = 1e+12
Forming sparse matrix preconditioner.
Block A runtime=5e-05, block B runtime=0.000113

Precond build time 0.000224, matsize 1, nonzero 0 recalls 0
conductor 0 from node n17b
Calling gmres...
1 2 3 4 5 6 7 8 9 10 11 12 13 14 15 16 17 
conductor 1 from node n16b
Calling gmres...
1 2 3 4 5 6 7 8 9 10 11 12 13 14 15 16 

All impedance matrices dumped to file Zc.mat

Times:  Read geometry   0.000192
        Multipole setup 0.002864
        Scanning graph  4e-06
        Form A M and Z  3.2e-05
        form M'ZM       6e-05
        Form precond    0.009961
        GMRES time      0.087128
   Total:               0.100241
