Running FastHenry 3.0wr (29Sep96, mod 031424)
Using SPARSE linear algebra package by Ken Kundert, UC Berkeley.
  Date: Sun Mar  9 03:22:17 2025
  Host: 5dd13cbd4f2c
Solution technique: ITERATIVE
Matrix vector product method: MULTIPOLE
  Order of expansion: 2
Preconditioner: ON
Error tolerance: 0.001
Reading from file: ./input/simple_gp.inp
Title:
* A FastHenry example using a reference plane

all lengths multiplied by 2.54e-05 to convert to meters
Total number of filaments before multipole refine: 856
Total number of filaments after multipole refine: 1032

Multipole Summary
  Expansion order: 2
  Number of partitioning levels: 4
  Total number of filaments: 1032
Percentage of multiplies done by multipole: 100%
Scanning graph to find fundamental circuits...
Number of Groundplanes : 1 
Number of filaments:       1032
Number of segments:         864
Number of nodes:            466
Number of meshes:           569
          ----from tree:                   1 
          ----from planes: (before holes)  400 
Number of conductors:         1   (rows of matrix in Zc.mat) 
Number of columns:            1   (columns of matrix in Zc.mat) 
Number of real nodes:       465
filling M...
filling R and L...
Total Memory allocated: 4683 kilobytes
Frequency = 0.1
Forming sparse matrix preconditioner.
 10.0 20.0 30.0 40.0 50.0 60.0 70.0 80.0 90.0 100.0
Block A runtime=0.000208, block B runtime=0.000782

Precond build time 0.00145, matsize 0, nonzero 0 recalls 0
 9.8 19.7 29.5 39.4 49.2 59.1 68.9 78.7 88.6 98.4
Reorder and factor time 0.011327
conductor 0 from node n1
Calling gmres...
1 2 
Frequency = 1e+19
Forming sparse matrix preconditioner.
 10.0 20.0 30.0 40.0 50.0 60.0 70.0 80.0 90.0 100.0
Block A runtime=0.000173, block B runtime=0.000319

Precond build time 0.000891, matsize 0, nonzero 0 recalls 0
conductor 0 from node n1
Calling gmres...
1 2 3 4 5 6 7 8 9 10 11 12 13 14 15 16 

All impedance matrices dumped to file Zc.mat

Times:  Read geometry   0.000685
        Multipole setup 0.014308
        Scanning graph  1.6e-05
        Form A M and Z  0.000164
        form M'ZM       4.3e-05
        Form precond    0.014484
        GMRES time      0.028891
   Total:               0.058591
