Running FastHenry 3.0wr (29Sep96, mod 031424)
Using SPARSE linear algebra package by Ken Kundert, UC Berkeley.
  Date: Sun Mar  9 03:22:17 2025
  Host: 5dd13cbd4f2c
Solution technique: ITERATIVE
Matrix vector product method: MULTIPOLE
  Order of expansion: 2
Preconditioner: ON
Error tolerance: 0.001
Reading from file: ./input/sline2.inp
Title:
* #2 superconducting microstripline, high impedance

all lengths multiplied by 1e-06 to convert to meters
Total number of filaments before multipole refine: 100
Total number of filaments after multipole refine: 800

Multipole Summary
  Expansion order: 2
  Number of partitioning levels: 3
  Total number of filaments: 800
Percentage of multiplies done by multipole: 100%
Scanning graph to find fundamental circuits...
Number of Groundplanes : 0 
Number of filaments:        800
Number of segments:          32
Number of nodes:             36
Number of meshes:           771
          ----from tree:                   3 
          ----from planes: (before holes)  0 
Number of conductors:         1   (rows of matrix in Zc.mat) 
Number of columns:            1   (columns of matrix in Zc.mat) 
Number of real nodes:        31
filling M...
filling R and L...
Total Memory allocated: 3518 kilobytes
Frequency = 1e+09
Forming sparse matrix preconditioner.
All segments are lossless superconductors.
Block A runtime=0.001958, block B runtime=0.020865

Precond build time 0.023253, matsize 0, nonzero 0 recalls 0
 10.0 20.0 30.0 39.9 49.9 59.9 69.9 79.9 89.9 99.9
Reorder and factor time 0.387208
conductor 0 from node n1
Calling gmres...
1 2 3 4 

All impedance matrices dumped to file Zc.mat

Times:  Read geometry   0.000271
        Multipole setup 0.040673
        Scanning graph  6e-06
        Form A M and Z  9.9e-05
        form M'ZM       0
        Form precond    0.410467
        GMRES time      0.004916
   Total:               0.456432
