Warning: ground plane node nbin coincident with another node
Warning: ground plane node nbout coincident with another node
Running FastHenry 3.0wr (29Sep96, mod 031424)
Using SPARSE linear algebra package by Ken Kundert, UC Berkeley.
  Date: Sun Mar  9 03:22:18 2025
  Host: 5dd13cbd4f2c
Solution technique: ITERATIVE
Matrix vector product method: MULTIPOLE
  Order of expansion: 2
Preconditioner: ON
Error tolerance: 0.001
Reading from file: ./input/together.inp
Title:
*Solid plane with two traces above it

all lengths multiplied by 2.54e-05 to convert to meters
Total number of filaments before multipole refine: 432
Total number of filaments after multipole refine: 438

Multipole Summary
  Expansion order: 2
  Number of partitioning levels: 3
  Total number of filaments: 438
Percentage of multiplies done by multipole: 100%
Scanning graph to find fundamental circuits...
Number of Groundplanes : 1 
Number of filaments:        438
Number of segments:         438
Number of nodes:            241
Number of meshes:           202
          ----from tree:                   2 
          ----from planes: (before holes)  200 
Number of conductors:         2   (rows of matrix in Zc.mat) 
Number of columns:            2   (columns of matrix in Zc.mat) 
Number of real nodes:       239
filling M...
filling R and L...
Total Memory allocated: 1595 kilobytes
Frequency = 0.1
Forming sparse matrix preconditioner.
Block A runtime=9.9e-05, block B runtime=0.000383

Precond build time 0.000597, matsize 0, nonzero 0 recalls 0
 9.9 19.8 29.7 39.6 49.5 59.4 69.3 79.2 89.1 99.0
Reorder and factor time 0.003226
conductor 0 from node nb1
Calling gmres...
1 2 
conductor 1 from node na1
Calling gmres...
1 2 
Frequency = 1e+19
Forming sparse matrix preconditioner.
Block A runtime=0.000109, block B runtime=0.000173

Precond build time 0.000367, matsize 0, nonzero 0 recalls 0
conductor 0 from node nb1
Calling gmres...
1 2 3 4 5 6 7 8 9 10 11 
conductor 1 from node na1
Calling gmres...
1 2 3 4 5 6 7 8 9 10 11 12 

All impedance matrices dumped to file Zc.mat

Times:  Read geometry   0.000597
        Multipole setup 0.005483
        Scanning graph  9e-06
        Form A M and Z  7.7e-05
        form M'ZM       1.7e-05
        Form precond    0.004432
        GMRES time      0.007346
   Total:               0.017961
