Warning: ground plane node nbin coincident with another node
Warning: ground plane node nbout coincident with another node
Running FastHenry 3.0wr (29Sep96, mod 031424)
Using SPARSE linear algebra package by Ken Kundert, UC Berkeley.
  Date: Sun Mar  9 03:22:41 2025
  Host: 5dd13cbd4f2c
Solution technique: ITERATIVE
Matrix vector product method: MULTIPOLE
  Order of expansion: 2
Preconditioner: ON
Error tolerance: 0.001
Reading from file: ./input/vias.inp
Title:
* Meshed ground plane with three vias

all lengths multiplied by 1 to convert to meters
Total number of filaments before multipole refine: 280
Total number of filaments after multipole refine: 372

Multipole Summary
  Expansion order: 2
  Number of partitioning levels: 3
  Total number of filaments: 372
Percentage of multiplies done by multipole: 100%
Scanning graph to find fundamental circuits...
Number of Groundplanes : 1 
Number of filaments:        372
Number of segments:         258
Number of nodes:            162
Number of meshes:           218
          ----from tree:                   4 
          ----from planes: (before holes)  100 
Number of conductors:         4   (rows of matrix in Zc.mat) 
Number of columns:            4   (columns of matrix in Zc.mat) 
Number of real nodes:       162
filling M...
filling R and L...
Total Memory allocated: 1440 kilobytes
Frequency = 100
Forming sparse matrix preconditioner.
Block A runtime=7.4e-05, block B runtime=0.000253

Precond build time 0.000455, matsize 0, nonzero 0 recalls 0
 9.6 19.3 28.9 38.5 48.2 57.8 67.4 77.1 86.7 96.3
Reorder and factor time 0.0015
conductor 0 from node ng18_2
Calling gmres...
1 2 3 4 5 6 7 8 9 10 11 12 13 14 15 
conductor 1 from node nf1
Calling gmres...
1 2 3 4 5 6 7 8 9 10 11 12 13 14 15 16 
conductor 2 from node nd1
Calling gmres...
1 2 3 4 5 6 7 8 9 10 11 12 13 14 15 
conductor 3 from node nb1
Calling gmres...
1 2 3 4 5 6 7 8 9 10 11 12 13 14 15 16 
Frequency = 1e+10
Forming sparse matrix preconditioner.
Block A runtime=6.7e-05, block B runtime=0.000133

Precond build time 0.000334, matsize 0, nonzero 0 recalls 0
conductor 0 from node ng18_2
Calling gmres...
1 2 3 4 5 6 7 8 9 10 11 12 13 14 15 
conductor 1 from node nf1
Calling gmres...
1 2 3 4 5 6 7 8 9 10 11 12 13 14 15 16 
conductor 2 from node nd1
Calling gmres...
1 2 3 4 5 6 7 8 9 10 11 12 13 14 15 
conductor 3 from node nb1
Calling gmres...
1 2 3 4 5 6 7 8 9 10 11 12 13 14 15 16 
Frequency = 1e+18
Forming sparse matrix preconditioner.
Block A runtime=6.3e-05, block B runtime=0.000122

Precond build time 0.000293, matsize 1, nonzero 0 recalls 0
conductor 0 from node ng18_2
Calling gmres...
1 2 3 4 5 6 7 8 9 10 11 12 13 14 15 
conductor 1 from node nf1
Calling gmres...
1 2 3 4 5 6 7 8 9 10 11 12 13 14 15 16 
conductor 2 from node nd1
Calling gmres...
1 2 3 4 5 6 7 8 9 10 11 12 13 14 15 
conductor 3 from node nb1
Calling gmres...
1 2 3 4 5 6 7 8 9 10 11 12 13 14 15 16 

All impedance matrices dumped to file Zc.mat

Times:  Read geometry   0.000428
        Multipole setup 0.015112
        Scanning graph  7e-06
        Form A M and Z  6.1e-05
        form M'ZM       3.1e-05
        Form precond    0.002799
        GMRES time      0.059746
   Total:               0.078184
