Warning: ground plane node nbin coincident with another node
Warning: ground plane node nbout coincident with another node
Running FastHenry 3.0wr (29Sep96, mod 090919)
Using SPARSE linear algebra package by Ken Kundert, UC Berkeley.
  Date: Mon Sep  9 19:49:38 2019
  Host: frost
Solution technique: ITERATIVE
Matrix vector product method: MULTIPOLE
  Order of expansion: 2
Preconditioner: ON
Error tolerance: 0.001
Reading from file: ./input/vias.inp
Title:
* Meshed ground plane with three vias

all lengths multiplied by 1 to convert to meters
Total number of filaments before multipole refine: 280
Total number of filaments after multipole refine: 372

Multipole Summary
  Expansion order: 2
  Number of partitioning levels: 3
  Total number of filaments: 372
Percentage of multiplies done by multipole: 100%
Scanning graph to find fundamental circuits...
Number of Groundplanes : 1 
Number of filaments:        372
Number of segments:         258
Number of nodes:            162
Number of meshes:           218
          ----from tree:                   4 
          ----from planes: (before holes)  100 
Number of conductors:         4   (rows of matrix in Zc.mat) 
Number of columns:            4   (columns of matrix in Zc.mat) 
Number of real nodes:       162
filling M...
filling R and L...
Total Memory allocated: 1441 kilobytes
Frequency = 100
Forming sparse matrix preconditioner.
Precond build time 0.000369
 9.6 19.3 28.9 38.5 48.2 57.8 67.4 77.1 86.7 96.3
Reorder and factor time 0.001613
conductor 0 from node ng18_2
Calling gmres...
1 2 3 4 5 6 7 8 9 10 11 12 13 14 15 
conductor 1 from node nf1
Calling gmres...
1 2 3 4 5 6 7 8 9 10 11 12 13 14 15 16 
conductor 2 from node nd1
Calling gmres...
1 2 3 4 5 6 7 8 9 10 11 12 13 14 15 
conductor 3 from node nb1
Calling gmres...
1 2 3 4 5 6 7 8 9 10 11 12 13 14 15 16 
Frequency = 1e+10
Forming sparse matrix preconditioner.
Precond build time 0.000228
conductor 0 from node ng18_2
Calling gmres...
1 2 3 4 5 6 7 8 9 10 11 12 13 14 15 
conductor 1 from node nf1
Calling gmres...
1 2 3 4 5 6 7 8 9 10 11 12 13 14 15 16 
conductor 2 from node nd1
Calling gmres...
1 2 3 4 5 6 7 8 9 10 11 12 13 14 15 
conductor 3 from node nb1
Calling gmres...
1 2 3 4 5 6 7 8 9 10 11 12 13 14 15 16 
Frequency = 1e+18
Forming sparse matrix preconditioner.
Precond build time 0.000231
conductor 0 from node ng18_2
Calling gmres...
1 2 3 4 5 6 7 8 9 10 11 12 13 14 15 
conductor 1 from node nf1
Calling gmres...
1 2 3 4 5 6 7 8 9 10 11 12 13 14 15 16 
conductor 2 from node nd1
Calling gmres...
1 2 3 4 5 6 7 8 9 10 11 12 13 14 15 
conductor 3 from node nb1
Calling gmres...
1 2 3 4 5 6 7 8 9 10 11 12 13 14 15 16 

All impedance matrices dumped to file Zc.mat

Times:  Read geometry   0
        Multipole setup 0.031799
        Scanning graph  1.3e-05
        Form A M and Z  6.6e-05
        form M'ZM       1.1e-05
        Form precond    0.002633
        GMRES time      0.115947
   Total:               0.150469
