Running FastHenry 3.0wr (29Sep96, mod 090919)
Using SuiteSparse linear algebra package by Tim Davis, Texas A&M.
  Date: Mon Sep  9 19:50:51 2019
  Host: frost
Solution technique: ITERATIVE
Matrix vector product method: MULTIPOLE
  Order of expansion: 2
Preconditioner: ON
Error tolerance: 0.001
Reading from file: ./input/30pin.inp
Title:
**30 pin, right angle connector** 

all lengths multiplied by 0.001 to convert to meters
Total number of filaments before multipole refine: 290
Total number of filaments after multipole refine: 455

Multipole Summary
  Expansion order: 2
  Number of partitioning levels: 3
  Total number of filaments: 455
Percentage of multiplies done by multipole: 100%
Scanning graph to find fundamental circuits...
Number of Groundplanes : 0 
Number of filaments:        455
Number of segments:         455
Number of nodes:            605
Number of meshes:            60
          ----from tree:                   60 
          ----from planes: (before holes)  0 
Number of conductors:        30   (rows of matrix in Zc.mat) 
Number of columns:           30   (columns of matrix in Zc.mat) 
Number of real nodes:       455
filling M...
filling R and L...
Total Memory allocated: 2477 kilobytes
Frequency = 10000
Forming sparse matrix preconditioner.
Precond build time 0.000232
Reorder and factor time 0.000106
conductor 0 from node npin4_5_1
Calling gmres...
1 2 3 4 5 6 7 8 
conductor 1 from node npin4_4_1
Calling gmres...
1 2 3 4 5 6 7 8 
conductor 2 from node npin4_3_1
Calling gmres...
1 2 3 4 5 6 7 8 
conductor 3 from node npin4_2_1
Calling gmres...
1 2 3 4 5 6 7 8 
conductor 4 from node npin4_1_1
Calling gmres...
1 2 3 4 5 6 7 8 
conductor 5 from node npin4_0_1
Calling gmres...
1 2 3 4 5 6 7 8 
conductor 6 from node npin3_5_1
Calling gmres...
1 2 3 4 5 6 7 8 
conductor 7 from node npin3_4_1
Calling gmres...
1 2 3 4 5 6 7 8 
conductor 8 from node npin3_3_1
Calling gmres...
1 2 3 4 5 6 7 8 
conductor 9 from node npin3_2_1
Calling gmres...
1 2 3 4 5 6 7 8 
conductor 10 from node npin3_1_1
Calling gmres...
1 2 3 4 5 6 7 8 
conductor 11 from node npin3_0_1
Calling gmres...
1 2 3 4 5 6 7 8 
conductor 12 from node npin2_5_1
Calling gmres...
1 2 3 4 5 6 7 8 
conductor 13 from node npin2_4_1
Calling gmres...
1 2 3 4 5 6 7 8 
conductor 14 from node npin2_3_1
Calling gmres...
1 2 3 4 5 6 7 8 
conductor 15 from node npin2_2_1
Calling gmres...
1 2 3 4 5 6 7 
conductor 16 from node npin2_1_1
Calling gmres...
1 2 3 4 5 6 7 8 
conductor 17 from node npin2_0_1
Calling gmres...
1 2 3 4 5 6 7 8 
conductor 18 from node npin1_5_1
Calling gmres...
1 2 3 4 5 6 7 8 
conductor 19 from node npin1_4_1
Calling gmres...
1 2 3 4 5 6 7 8 
conductor 20 from node npin1_3_1
Calling gmres...
1 2 3 4 5 6 7 8 
conductor 21 from node npin1_2_1
Calling gmres...
1 2 3 4 5 6 7 8 
conductor 22 from node npin1_1_1
Calling gmres...
1 2 3 4 5 6 7 8 
conductor 23 from node npin1_0_1
Calling gmres...
1 2 3 4 5 6 7 8 
conductor 24 from node npin0_5_1
Calling gmres...
1 2 3 4 5 6 7 8 
conductor 25 from node npin0_4_1
Calling gmres...
1 2 3 4 5 6 7 8 
conductor 26 from node npin0_3_1
Calling gmres...
1 2 3 4 5 6 7 8 
conductor 27 from node npin0_2_1
Calling gmres...
1 2 3 4 5 6 7 8 
conductor 28 from node npin0_1_1
Calling gmres...
1 2 3 4 5 6 7 8 
conductor 29 from node npin0_0_1
Calling gmres...
1 2 3 4 5 6 7 8 

All impedance matrices dumped to file Zc.mat

Times:  Read geometry   0.002054
        Multipole setup 0.254499
        Scanning graph  6.2e-05
        Form A M and Z  8.5e-05
        form M'ZM       1e-06
        Form precond    0.00035
        GMRES time      0.21918
   Total:               0.476231
