Running FastHenry 3.0wr (29Sep96, mod 090919)
Using SuiteSparse linear algebra package by Tim Davis, Texas A&M.
  Date: Mon Sep  9 19:56:53 2019
  Host: frost
Solution technique: ITERATIVE
Matrix vector product method: MULTIPOLE
  Order of expansion: 2
Preconditioner: ON
Error tolerance: 0.001
Reading from file: ./input/sline1.inp
Title:
* #1 superconducting microstripline, low impedance

all lengths multiplied by 1e-06 to convert to meters
Total number of filaments before multipole refine: 100
Total number of filaments after multipole refine: 800

Multipole Summary
  Expansion order: 2
  Number of partitioning levels: 3
  Total number of filaments: 800
Percentage of multiplies done by multipole: 100%
Scanning graph to find fundamental circuits...
Number of Groundplanes : 0 
Number of filaments:        800
Number of segments:          32
Number of nodes:             36
Number of meshes:           771
          ----from tree:                   3 
          ----from planes: (before holes)  0 
Number of conductors:         1   (rows of matrix in Zc.mat) 
Number of columns:            1   (columns of matrix in Zc.mat) 
Number of real nodes:        31
filling M...
filling R and L...
Total Memory allocated: 3586 kilobytes
Frequency = 1e+09
Forming sparse matrix preconditioner.
All segments are lossless superconductors.
Precond build time 0.003804
Reorder and factor time 0.005392
conductor 0 from node n1
Calling gmres...
1 2 3 4 5 6 7 

All impedance matrices dumped to file Zc.mat

Times:  Read geometry   0.000273
        Multipole setup 0.088134
        Scanning graph  9e-06
        Form A M and Z  0.000138
        form M'ZM       0
        Form precond    0.009212
        GMRES time      0.01422
   Total:               0.111986
