Warning: While reading in a decay_rect contact:
rectangle y width <= max cell width. Will set max_cell = 0.99 * rect_width
Note: Almost no gradual decay in y direction will result
contact decay_rect (0,0,0,50,2000,13,3000,500,3000)
Running FastHenry 3.0wr (29Sep96, mod 090919)
Using Intel MKL/DSS linear algebra package.
  Date: Mon Sep  9 20:01:29 2019
  Host: frost
Solution technique: ITERATIVE
Matrix vector product method: MULTIPOLE
  Order of expansion: 2
Preconditioner: ON
Error tolerance: 0.001
Reading from file: ./input/3d_example2.inp
Title:
* a M5 line (26um wide, 1um thick) over Si substrate 8um below, sigma=2.6e7

all lengths multiplied by 1e-06 to convert to meters
Total number of filaments before multipole refine: 4792
DivideSegs: Warning: tried to divide an indivisable segment.
  Segment length: 0.000750,  maximum allowed length: 0.000379  The segment is probably part of a ground plane.
  If so, decrease the partitioning level by 1 or refine the ground plane
DivideSegs: Warning: tried to divide an indivisable segment.
  Segment length: 0.000375,  maximum allowed length: 0.000189  The segment is probably part of a ground plane.
  If so, decrease the partitioning level by 1 or refine the ground plane
DivideSegs: Warning: tried to divide an indivisable segment.
  Segment length: 0.000375,  maximum allowed length: 0.000095  The segment is probably part of a ground plane.
  If so, decrease the partitioning level by 1 or refine the ground plane
Total number of filaments after multipole refine: 4884

Multipole Summary
  Expansion order: 2
  Number of partitioning levels: 5
  Total number of filaments: 4884
Percentage of multiplies done by multipole: 100%
Scanning graph to find fundamental circuits...
Number of Groundplanes : 1 
Number of filaments:       4884
Number of segments:        1620
Number of nodes:           3219
Number of meshes:          4021
          ----from tree:                   1 
          ----from planes: (before holes)  756 
Number of conductors:         1   (rows of matrix in Zc.mat) 
Number of columns:            1   (columns of matrix in Zc.mat) 
Number of real nodes:      3218
filling M...
filling R and L...
Total Memory allocated: 50417 kilobytes
Frequency = 3.3e+08
Forming sparse matrix preconditioner.
 9.9 19.9 29.8 39.8 49.7 59.6 69.6 79.5 89.5 99.4
Precond build time 0.025132
Reorder and factor time 0.044171
conductor 0 from node ns1
Calling gmres...
1 2 3 4 5 6 7 8 9 

All impedance matrices dumped to file Zc.mat

Times:  Read geometry   0.002816
        Multipole setup 1.43715
        Scanning graph  0.000269
        Form A M and Z  0.000243
        form M'ZM       1e-06
        Form precond    0.069376
        GMRES time      0.436371
   Total:               1.94622
