Running FastHenry 3.0.15 (xictools)
Using Intel MKL/DSS linear algebra package.
  Date: Sun Jun 28 19:08:56 2020
  Host: frost
Solution technique: ITERATIVE
Matrix vector product method: MULTIPOLE
  Order of expansion: 2
Preconditioner: ON
Error tolerance: 0.001
Reading from file: ./input/holey_gp.inp
Title:
* A FastHenry example using a reference plane

all lengths multiplied by 2.54e-05 to convert to meters
Total number of filaments before multipole refine: 2828
Total number of filaments after multipole refine: 3260

Multipole Summary
  Expansion order: 2
  Number of partitioning levels: 5
  Total number of filaments: 3260
Percentage of multiplies done by multipole: 100%
Scanning graph to find fundamental circuits...
Number of Groundplanes : 1 
Number of filaments:       3260
Number of segments:        2868
Number of nodes:           2761
Number of meshes:          3001
          ----from tree:                   8 
          ----from planes: (before holes)  2601 
Number of conductors:         1   (rows of matrix in Zc.mat) 
Number of columns:            1   (columns of matrix in Zc.mat) 
Number of real nodes:      2760
filling M...
Exact number of meshes after ground plane holes removed: 1646
filling R and L...
Total Memory allocated: 14018 kilobytes
Frequency = 0.1
Forming sparse matrix preconditioner.
 10.0 20.0 30.0 39.9 49.9 59.9 69.9 79.9 89.9 99.8
Precond build time 0.005035
Reorder and factor time 0.00649
conductor 0 from node n1
Calling gmres...
1 2 
Frequency = 1e+19
Forming sparse matrix preconditioner.
 10.0 20.0 30.0 39.9 49.9 59.9 69.9 79.9 89.9 99.8
Precond build time 0.005853
conductor 0 from node n1
Calling gmres...
1 2 3 4 5 6 7 8 9 10 11 12 13 14 15 16 17 

All impedance matrices dumped to file Zc.mat

Times:  Read geometry   0.002866
        Multipole setup 0.256293
        Scanning graph  0.000552
        Form A M and Z  0.00084
        form M'ZM       9.1e-05
        Form precond    0.023213
        GMRES time      0.234836
   Total:               0.518691
