Running FastHenry 3.0.15 (xictools)
Using Intel MKL/DSS linear algebra package.
  Date: Sun Jun 28 19:10:36 2020
  Host: frost
Solution technique: ITERATIVE
Matrix vector product method: MULTIPOLE
  Order of expansion: 2
Preconditioner: ON
Error tolerance: 0.001
Reading from file: ./input/sline1.inp
Title:
* #1 superconducting microstripline, low impedance

all lengths multiplied by 1e-06 to convert to meters
Total number of filaments before multipole refine: 100
Total number of filaments after multipole refine: 800

Multipole Summary
  Expansion order: 2
  Number of partitioning levels: 3
  Total number of filaments: 800
Percentage of multiplies done by multipole: 100%
Scanning graph to find fundamental circuits...
Number of Groundplanes : 0 
Number of filaments:        800
Number of segments:          32
Number of nodes:             36
Number of meshes:           771
          ----from tree:                   3 
          ----from planes: (before holes)  0 
Number of conductors:         1   (rows of matrix in Zc.mat) 
Number of columns:            1   (columns of matrix in Zc.mat) 
Number of real nodes:        31
filling M...
filling R and L...
Total Memory allocated: 3586 kilobytes
Frequency = 1e+09
Forming sparse matrix preconditioner.
All segments are lossless superconductors.
Precond build time 0.002286
Reorder and factor time 0.007861
conductor 0 from node n1
Calling gmres...
1 2 3 4 5 6 7 

All impedance matrices dumped to file Zc.mat

Times:  Read geometry   7.3e-05
        Multipole setup 0.09724
        Scanning graph  9e-06
        Form A M and Z  0.000141
        form M'ZM       0
        Form precond    0.010205
        GMRES time      0.016905
   Total:               0.124573
